2013/10/24 11:55:12 [error] [exception.CHttpException.404] exception 'CHttpException' with message 'The system is unable to find the requested action "dete".' in /Users/brychantoda/Sites/elearning/framework/web/CController.php:483
Stack trace:
#0 /Users/brychantoda/Sites/elearning/framework/web/CController.php(270): CController->missingAction('dete')
#1 /Users/brychantoda/Sites/elearning/framework/web/CWebApplication.php(282): CController->run('dete')
#2 /Users/brychantoda/Sites/elearning/framework/web/CWebApplication.php(141): CWebApplication->runController('modules/dete')
#3 /Users/brychantoda/Sites/elearning/framework/base/CApplication.php(180): CWebApplication->processRequest()
#4 /Users/brychantoda/Sites/elearning/index.php(14): CApplication->run()
#5 {main}
REQUEST_URI=/elearning/index.php?r=modules/dete&id=123123
---
2013/10/24 11:55:16 [error] [exception.CHttpException.400] exception 'CHttpException' with message 'Your request is invalid.' in /Users/brychantoda/Sites/elearning/framework/web/CController.php:1118
Stack trace:
#0 /Users/brychantoda/Sites/elearning/framework/web/filters/CInlineFilter.php(58): CController->filterPostOnly(Object(CFilterChain))
#1 /Users/brychantoda/Sites/elearning/framework/web/filters/CFilterChain.php(130): CInlineFilter->filter(Object(CFilterChain))
#2 /Users/brychantoda/Sites/elearning/framework/web/filters/CFilter.php(40): CFilterChain->run()
#3 /Users/brychantoda/Sites/elearning/framework/web/CController.php(1145): CFilter->filter(Object(CFilterChain))
#4 /Users/brychantoda/Sites/elearning/framework/web/filters/CInlineFilter.php(58): CController->filterAccessControl(Object(CFilterChain))
#5 /Users/brychantoda/Sites/elearning/framework/web/filters/CFilterChain.php(130): CInlineFilter->filter(Object(CFilterChain))
#6 /Users/brychantoda/Sites/elearning/framework/web/CController.php(291): CFilterChain->run()
#7 /Users/brychantoda/Sites/elearning/framework/web/CController.php(265): CController->runActionWithFilters(Object(CInlineAction), Array)
#8 /Users/brychantoda/Sites/elearning/framework/web/CWebApplication.php(282): CController->run('delete')
#9 /Users/brychantoda/Sites/elearning/framework/web/CWebApplication.php(141): CWebApplication->runController('modules/delete')
#10 /Users/brychantoda/Sites/elearning/framework/base/CApplication.php(180): CWebApplication->processRequest()
#11 /Users/brychantoda/Sites/elearning/index.php(14): CApplication->run()
#12 {main}
REQUEST_URI=/elearning/index.php?r=modules/delete&id=123123
---
